
Showing Recent Issues
Resolving package dependencies…
x-xcode-log://71EC6E00-7E5C-4F8B-A2B2-B1399C53F8C9: Failed to resolve package dependencies


Build target HealthAI2030Core with configuration Debug

SwiftDriver HealthAI2030Core normal arm64 com.apple.xcode.tools.swift.compiler (in target 'HealthAI2030Core' from project 'HealthAI2030')
    cd /Users/dennispalucki/Documents/HealthAI-2030/.swiftpm/xcode
    builtin-SwiftDriver -- /Applications/Xcode-beta.app/Contents/Developer/Toolchains/XcodeDefault.xctoolchain/usr/bin/swiftc -module-name HealthAI2030Core -Onone -enforce-exclusivity\=checked @/Users/dennispalucki/Library/Developer/Xcode/DerivedData/HealthAI-2030-fkxnmqetdvcolggzhmcmpgifkrtq/Build/Intermediates.noindex/HealthAI2030.build/Debug/HealthAI2030Core.build/Objects-normal/arm64/HealthAI2030Core.SwiftFileList -DSWIFT_PACKAGE -DDEBUG -DSWIFT_MODULE_RESOURCE_BUNDLE_UNAVAILABLE -DXcode -plugin-path /Applications/Xcode-beta.app/Contents/Developer/Toolchains/XcodeDefault.xctoolchain/usr/lib/swift/host/plugins/testing -enable-experimental-feature DebugDescriptionMacro -sdk /Applications/Xcode-beta.app/Contents/Developer/Platforms/MacOSX.platform/Developer/SDKs/MacOSX26.0.sdk -target arm64-apple-macos15.0 -g -module-cache-path /Users/dennispalucki/Library/Developer/Xcode/DerivedData/ModuleCache.noindex -Xfrontend -serialize-debugging-options -profile-coverage-mapping -profile-generate -enable-testing -index-store-path /Users/dennispalucki/Library/Developer/Xcode/DerivedData/HealthAI-2030-fkxnmqetdvcolggzhmcmpgifkrtq/Index.noindex/DataStore -Xcc -D_LIBCPP_HARDENING_MODE\=_LIBCPP_HARDENING_MODE_DEBUG -swift-version 6 -I /Users/dennispalucki/Library/Developer/Xcode/DerivedData/HealthAI-2030-fkxnmqetdvcolggzhmcmpgifkrtq/Build/Products/Debug -Isystem /Applications/Xcode-beta.app/Contents/Developer/Platforms/MacOSX.platform/Developer/usr/lib -F /Users/dennispalucki/Library/Developer/Xcode/DerivedData/HealthAI-2030-fkxnmqetdvcolggzhmcmpgifkrtq/Build/Products/Debug/PackageFrameworks -F /Users/dennispalucki/Library/Developer/Xcode/DerivedData/HealthAI-2030-fkxnmqetdvcolggzhmcmpgifkrtq/Build/Products/Debug/PackageFrameworks -F /Users/dennispalucki/Library/Developer/Xcode/DerivedData/HealthAI-2030-fkxnmqetdvcolggzhmcmpgifkrtq/Build/Products/Debug -F /Applications/Xcode-beta.app/Contents/Developer/Platforms/MacOSX.platform/Developer/Library/Frameworks -c -j8 -enable-batch-mode -incremental -Xcc -ivfsstatcache -Xcc /Users/dennispalucki/Library/Developer/Xcode/DerivedData/SDKStatCaches.noindex/macosx26.0-25A5306e-3885c01c3e6b6a337905948deab2002e5d9328ff1a6613a11d359de947506b52.sdkstatcache -output-file-map /Users/dennispalucki/Library/Developer/Xcode/DerivedData/HealthAI-2030-fkxnmqetdvcolggzhmcmpgifkrtq/Build/Intermediates.noindex/HealthAI2030.build/Debug/HealthAI2030Core.build/Objects-normal/arm64/HealthAI2030Core-OutputFileMap.json -use-frontend-parseable-output -save-temps -no-color-diagnostics -explicit-module-build -module-cache-path /Users/dennispalucki/Library/Developer/Xcode/DerivedData/HealthAI-2030-fkxnmqetdvcolggzhmcmpgifkrtq/Build/Intermediates.noindex/SwiftExplicitPrecompiledModules -clang-scanner-module-cache-path /Users/dennispalucki/Library/Developer/Xcode/DerivedData/ModuleCache.noindex -sdk-module-cache-path /Users/dennispalucki/Library/Developer/Xcode/DerivedData/ModuleCache.noindex -serialize-diagnostics -emit-dependencies -emit-module -emit-module-path /Users/dennispalucki/Library/Developer/Xcode/DerivedData/HealthAI-2030-fkxnmqetdvcolggzhmcmpgifkrtq/Build/Intermediates.noindex/HealthAI2030.build/Debug/HealthAI2030Core.build/Objects-normal/arm64/HealthAI2030Core.swiftmodule -validate-clang-modules-once -clang-build-session-file /Users/dennispalucki/Library/Developer/Xcode/DerivedData/ModuleCache.noindex/Session.modulevalidation -package-name healthai_2030 -Xcc -I/Users/dennispalucki/Library/Developer/Xcode/DerivedData/HealthAI-2030-fkxnmqetdvcolggzhmcmpgifkrtq/Build/Intermediates.noindex/HealthAI2030.build/Debug/HealthAI2030Core.build/swift-overrides.hmap -emit-const-values -Xfrontend -const-gather-protocols-file -Xfrontend /Users/dennispalucki/Library/Developer/Xcode/DerivedData/HealthAI-2030-fkxnmqetdvcolggzhmcmpgifkrtq/Build/Intermediates.noindex/HealthAI2030.build/Debug/HealthAI2030Core.build/Objects-normal/arm64/HealthAI2030Core_const_extract_protocols.json -Xcc -I/Users/dennispalucki/Library/Developer/Xcode/DerivedData/HealthAI-2030-fkxnmqetdvcolggzhmcmpgifkrtq/Build/Products/Debug/include -Xcc -I/Users/dennispalucki/Library/Developer/Xcode/DerivedData/HealthAI-2030-fkxnmqetdvcolggzhmcmpgifkrtq/Build/Intermediates.noindex/HealthAI2030.build/Debug/HealthAI2030Core.build/DerivedSources-normal/arm64 -Xcc -I/Users/dennispalucki/Library/Developer/Xcode/DerivedData/HealthAI-2030-fkxnmqetdvcolggzhmcmpgifkrtq/Build/Intermediates.noindex/HealthAI2030.build/Debug/HealthAI2030Core.build/DerivedSources/arm64 -Xcc -I/Users/dennispalucki/Library/Developer/Xcode/DerivedData/HealthAI-2030-fkxnmqetdvcolggzhmcmpgifkrtq/Build/Intermediates.noindex/HealthAI2030.build/Debug/HealthAI2030Core.build/DerivedSources -Xcc -DSWIFT_PACKAGE -Xcc -DDEBUG\=1 -emit-objc-header -emit-objc-header-path /Users/dennispalucki/Library/Developer/Xcode/DerivedData/HealthAI-2030-fkxnmqetdvcolggzhmcmpgifkrtq/Build/Intermediates.noindex/HealthAI2030.build/Debug/HealthAI2030Core.build/Objects-normal/arm64/HealthAI2030Core-Swift.h -working-directory /Users/dennispalucki/Documents/HealthAI-2030/.swiftpm/xcode -experimental-emit-module-separately -disable-cmo

/Users/dennispalucki/Documents/HealthAI-2030/Packages/HealthAI2030Core/Sources/HealthAI2030Core/SleepFeedbackEngine.swift:17:1: error: Expected declaration
#else
^ (in target 'HealthAI2030Core' from project 'HealthAI2030')
/Users/dennispalucki/Documents/HealthAI-2030/Packages/HealthAI2030Core/Sources/HealthAI2030Core/SleepFeedbackEngine.swift:16:7: note: In declaration of 'SleepFeedbackEngine'
class SleepFeedbackEngine: ObservableObject {
      ^ (in target 'HealthAI2030Core' from project 'HealthAI2030')
/Users/dennispalucki/Documents/HealthAI-2030/Packages/HealthAI2030Core/Sources/HealthAI2030Core/SleepFeedbackEngine.swift:17:1: error: Expected '}' in class
#else
^ (in target 'HealthAI2030Core' from project 'HealthAI2030')
/Users/dennispalucki/Documents/HealthAI-2030/Packages/HealthAI2030Core/Sources/HealthAI2030Core/SleepFeedbackEngine.swift:16:45: note: To match this opening '{'
class SleepFeedbackEngine: ObservableObject {
                                            ^ (in target 'HealthAI2030Core' from project 'HealthAI2030')
/Users/dennispalucki/Documents/HealthAI-2030/Packages/HealthAI2030Core/Sources/HealthAI2030Core/SleepFeedbackEngine.swift:19:1: error: Expected declaration
#endif
^ (in target 'HealthAI2030Core' from project 'HealthAI2030')
/Users/dennispalucki/Documents/HealthAI-2030/Packages/HealthAI2030Core/Sources/HealthAI2030Core/SleepFeedbackEngine.swift:18:7: note: In declaration of 'SleepFeedbackEngine'
class SleepFeedbackEngine: ObservableObject {
      ^ (in target 'HealthAI2030Core' from project 'HealthAI2030')
/Users/dennispalucki/Documents/HealthAI-2030/Packages/HealthAI2030Core/Sources/HealthAI2030Core/SleepFeedbackEngine.swift:19:1: error: Expected '}' in class
#endif
^ (in target 'HealthAI2030Core' from project 'HealthAI2030')
/Users/dennispalucki/Documents/HealthAI-2030/Packages/HealthAI2030Core/Sources/HealthAI2030Core/SleepFeedbackEngine.swift:18:45: note: To match this opening '{'
class SleepFeedbackEngine: ObservableObject {
                                            ^ (in target 'HealthAI2030Core' from project 'HealthAI2030')
/Users/dennispalucki/Documents/HealthAI-2030/Packages/HealthAI2030Core/Sources/HealthAI2030Core/SleepFeedbackEngine.swift:20:12: error: Static properties may only be declared on a type
    static let shared = SleepFeedbackEngine()
    ~~~~~~~^
     (in target 'HealthAI2030Core' from project 'HealthAI2030')
/Users/dennispalucki/Documents/HealthAI-2030/Packages/HealthAI2030Core/Sources/HealthAI2030Core/SleepFeedbackEngine.swift:54:17: error: Initializers may only be declared within a type
    private init() {
                ^ (in target 'HealthAI2030Core' from project 'HealthAI2030')
/Users/dennispalucki/Documents/HealthAI-2030/Packages/HealthAI2030Core/Sources/HealthAI2030Core/SleepFeedbackEngine.swift:719:1: error: Extraneous '}' at top level
}
^ (in target 'HealthAI2030Core' from project 'HealthAI2030')
/Users/dennispalucki/Documents/HealthAI-2030/Packages/HealthAI2030Core/Sources/HealthAI2030Core/SleepFeedbackEngine.swift:720:1: error: Unexpected conditional compilation block terminator
#endif
^ (in target 'HealthAI2030Core' from project 'HealthAI2030')
/Users/dennispalucki/Documents/HealthAI-2030/Packages/HealthAI2030Core/Sources/HealthAI2030Core/InteractiveWidgetManager.swift:7:8: error: Unable to find module dependency: 'LogWaterIntake'
import LogWaterIntake
       ^ (in target 'HealthAI2030Core' from project 'HealthAI2030')
/Users/dennispalucki/Documents/HealthAI-2030/Packages/HealthAI2030Core/Sources/HealthAI2030Core/InteractiveWidgetManager.swift:7:8: note: A dependency of main module 'HealthAI2030Core'
import LogWaterIntake
       ^ (in target 'HealthAI2030Core' from project 'HealthAI2030')
/Users/dennispalucki/Documents/HealthAI-2030/Packages/HealthAI2030Core/Sources/HealthAI2030Core/ShortcutsManager.swift:7:8: note: Also imported here
import LogWaterIntake
       ^ (in target 'HealthAI2030Core' from project 'HealthAI2030')
/Users/dennispalucki/Documents/HealthAI-2030/Packages/HealthAI2030Core/Sources/HealthAI2030Core/SystemIntelligenceManager.swift:11:8: note: Also imported here
import LogWaterIntake
       ^ (in target 'HealthAI2030Core' from project 'HealthAI2030')
/Users/dennispalucki/Documents/HealthAI-2030/Packages/HealthAI2030Core/Sources/HealthAI2030Core/InteractiveWidgetManager.swift:8:8: error: Unable to find module dependency: 'StartMeditation'
import StartMeditation
       ^ (in target 'HealthAI2030Core' from project 'HealthAI2030')
/Users/dennispalucki/Documents/HealthAI-2030/Packages/HealthAI2030Core/Sources/HealthAI2030Core/InteractiveWidgetManager.swift:8:8: note: A dependency of main module 'HealthAI2030Core'
import StartMeditation
       ^ (in target 'HealthAI2030Core' from project 'HealthAI2030')
/Users/dennispalucki/Documents/HealthAI-2030/Packages/HealthAI2030Core/Sources/HealthAI2030Core/SmartHomeManager.swift:2:8: error: Unable to find module dependency: 'Utilities'
import Utilities
       ^ (in target 'HealthAI2030Core' from project 'HealthAI2030')
/Users/dennispalucki/Documents/HealthAI-2030/Packages/HealthAI2030Core/Sources/HealthAI2030Core/SmartHomeManager.swift:2:8: note: A dependency of main module 'HealthAI2030Core'
import Utilities
       ^ (in target 'HealthAI2030Core' from project 'HealthAI2030')

/Users/dennispalucki/Documents/HealthAI-2030/Packages/HealthAI2030Core/Sources/HealthAI2030Core/SleepFeedbackEngine.swift:17:1: Expected declaration
#else
^

/Users/dennispalucki/Documents/HealthAI-2030/Packages/HealthAI2030Core/Sources/HealthAI2030Core/SleepFeedbackEngine.swift:16:7: In declaration of 'SleepFeedbackEngine'
class SleepFeedbackEngine: ObservableObject {
      ^

/Users/dennispalucki/Documents/HealthAI-2030/Packages/HealthAI2030Core/Sources/HealthAI2030Core/SleepFeedbackEngine.swift:17:1: Expected '}' in class
#else
^

/Users/dennispalucki/Documents/HealthAI-2030/Packages/HealthAI2030Core/Sources/HealthAI2030Core/SleepFeedbackEngine.swift:16:45: To match this opening '{'
class SleepFeedbackEngine: ObservableObject {
                                            ^

/Users/dennispalucki/Documents/HealthAI-2030/Packages/HealthAI2030Core/Sources/HealthAI2030Core/SleepFeedbackEngine.swift:19:1: Expected declaration
#endif
^

/Users/dennispalucki/Documents/HealthAI-2030/Packages/HealthAI2030Core/Sources/HealthAI2030Core/SleepFeedbackEngine.swift:18:7: In declaration of 'SleepFeedbackEngine'
class SleepFeedbackEngine: ObservableObject {
      ^

/Users/dennispalucki/Documents/HealthAI-2030/Packages/HealthAI2030Core/Sources/HealthAI2030Core/SleepFeedbackEngine.swift:19:1: Expected '}' in class
#endif
^

/Users/dennispalucki/Documents/HealthAI-2030/Packages/HealthAI2030Core/Sources/HealthAI2030Core/SleepFeedbackEngine.swift:18:45: To match this opening '{'
class SleepFeedbackEngine: ObservableObject {
                                            ^

/Users/dennispalucki/Documents/HealthAI-2030/Packages/HealthAI2030Core/Sources/HealthAI2030Core/SleepFeedbackEngine.swift:20:12: Static properties may only be declared on a type
    static let shared = SleepFeedbackEngine()
    ~~~~~~~^
    

/Users/dennispalucki/Documents/HealthAI-2030/Packages/HealthAI2030Core/Sources/HealthAI2030Core/SleepFeedbackEngine.swift:54:17: Initializers may only be declared within a type
    private init() {
                ^

/Users/dennispalucki/Documents/HealthAI-2030/Packages/HealthAI2030Core/Sources/HealthAI2030Core/SleepFeedbackEngine.swift:719:1: Extraneous '}' at top level
}
^

/Users/dennispalucki/Documents/HealthAI-2030/Packages/HealthAI2030Core/Sources/HealthAI2030Core/SleepFeedbackEngine.swift:720:1: Unexpected conditional compilation block terminator
#endif
^

/Users/dennispalucki/Documents/HealthAI-2030/Packages/HealthAI2030Core/Sources/HealthAI2030Core/InteractiveWidgetManager.swift:7:8: Unable to find module dependency: 'LogWaterIntake'
import LogWaterIntake
       ^

/Users/dennispalucki/Documents/HealthAI-2030/Packages/HealthAI2030Core/Sources/HealthAI2030Core/InteractiveWidgetManager.swift:7:8: A dependency of main module 'HealthAI2030Core'
import LogWaterIntake
       ^

/Users/dennispalucki/Documents/HealthAI-2030/Packages/HealthAI2030Core/Sources/HealthAI2030Core/ShortcutsManager.swift:7:8: Also imported here
import LogWaterIntake
       ^

/Users/dennispalucki/Documents/HealthAI-2030/Packages/HealthAI2030Core/Sources/HealthAI2030Core/SystemIntelligenceManager.swift:11:8: Also imported here
import LogWaterIntake
       ^

/Users/dennispalucki/Documents/HealthAI-2030/Packages/HealthAI2030Core/Sources/HealthAI2030Core/InteractiveWidgetManager.swift:8:8: Unable to find module dependency: 'StartMeditation'
import StartMeditation
       ^

/Users/dennispalucki/Documents/HealthAI-2030/Packages/HealthAI2030Core/Sources/HealthAI2030Core/InteractiveWidgetManager.swift:8:8: A dependency of main module 'HealthAI2030Core'
import StartMeditation
       ^

/Users/dennispalucki/Documents/HealthAI-2030/Packages/HealthAI2030Core/Sources/HealthAI2030Core/SmartHomeManager.swift:2:8: Unable to find module dependency: 'Utilities'
import Utilities
       ^

/Users/dennispalucki/Documents/HealthAI-2030/Packages/HealthAI2030Core/Sources/HealthAI2030Core/SmartHomeManager.swift:2:8: A dependency of main module 'HealthAI2030Core'
import Utilities
       ^



Build failed    7/11/25, 11:21 AM    4.9 seconds
